Makefile:58: warning: overriding recipe for target 'test'
Makefile:10: warning: ignoring old recipe for target 'test'
cd apps/web && npm run dev

> web@0.1.0 dev
> next dev

▲ Next.js 16.2.6 (Turbopack)
- Local:         http://localhost:3000
- Network:       http://192.168.89.195:3000
- Environments: .env.local
✓ Ready in 799ms

 GET / 200 in 603ms (next.js: 397ms, application-code: 206ms)
 GET / 200 in 257ms (next.js: 48ms, application-code: 209ms)
 GET / 200 in 225ms (next.js: 76ms, application-code: 149ms)
 GET / 200 in 100ms (next.js: 3ms, application-code: 96ms)
 GET / 200 in 76ms (next.js: 8ms, application-code: 68ms)
 GET / 200 in 1856ms (next.js: 1592ms, application-code: 264ms)
 GET / 200 in 349ms (next.js: 12ms, application-code: 337ms)
 GET / 200 in 413ms (next.js: 77ms, application-code: 335ms)
 GET / 200 in 330ms (next.js: 9ms, application-code: 321ms)
 GET / 200 in 212ms (next.js: 18ms, application-code: 194ms)
✓ Compiled in 698ms
 GET / 200 in 900ms (next.js: 671ms, application-code: 230ms)
 GET / 200 in 158ms (next.js: 15ms, application-code: 143ms)
 GET / 200 in 80ms (next.js: 12ms, application-code: 68ms)
✓ Compiled in 451ms
 GET / 200 in 177ms (next.js: 7ms, application-code: 170ms)
 GET /capture 200 in 1145ms (next.js: 1068ms, application-code: 77ms)
 GET / 200 in 63ms (next.js: 6ms, application-code: 57ms)
 GET /capture 200 in 174ms (next.js: 68ms, application-code: 106ms)
 GET /capture 200 in 145ms (next.js: 68ms, application-code: 77ms)
 GET /capture 200 in 67ms (next.js: 5ms, application-code: 63ms)
 GET /capture 200 in 126ms (next.js: 3ms, application-code: 123ms)
 GET / 200 in 77ms (next.js: 4ms, application-code: 73ms)
 GET /capture 200 in 69ms (next.js: 5ms, application-code: 64ms)
 GET /service 404 in 1119ms (next.js: 1048ms, application-code: 71ms)
 GET /capture 200 in 157ms (next.js: 68ms, application-code: 89ms)
 GET / 200 in 577ms (next.js: 315ms, application-code: 263ms)
 GET / 200 in 258ms (next.js: 5ms, application-code: 254ms)
 GET / 200 in 239ms (next.js: 17ms, application-code: 222ms)
 GET / 200 in 222ms (next.js: 16ms, application-code: 207ms)
 GET / 200 in 203ms (next.js: 9ms, application-code: 195ms)
 GET / 200 in 218ms (next.js: 6ms, application-code: 212ms)
 GET / 200 in 233ms (next.js: 13ms, application-code: 220ms)
 GET / 200 in 241ms (next.js: 7ms, application-code: 235ms)
 GET / 200 in 168ms (next.js: 9ms, application-code: 159ms)
 GET / 200 in 81ms (next.js: 11ms, application-code: 70ms)
✓ Compiled in 59ms
✓ Compiled in 81ms
✓ Compiled in 67ms
✓ Compiled in 96ms
✓ Compiled in 111ms
✓ Compiled in 75ms
 GET /capture 200 in 257ms (next.js: 84ms, application-code: 173ms)
✓ Compiled in 91ms
 GET / 200 in 75ms (next.js: 10ms, application-code: 65ms)
 GET /budget 200 in 1253ms (next.js: 1175ms, application-code: 77ms)
 GET / 200 in 77ms (next.js: 11ms, application-code: 66ms)
 GET /budget 200 in 122ms (next.js: 66ms, application-code: 56ms)
 GET /capture 200 in 72ms (next.js: 4ms, application-code: 68ms)
 GET / 200 in 60ms (next.js: 7ms, application-code: 53ms)
 GET /capture 200 in 72ms (next.js: 9ms, application-code: 63ms)
 GET / 200 in 133ms (next.js: 7ms, application-code: 126ms)
 GET /budget 200 in 66ms (next.js: 7ms, application-code: 59ms)
 GET /budget 200 in 79ms (next.js: 5ms, application-code: 74ms)
 GET /budget 200 in 83ms (next.js: 10ms, application-code: 73ms)
 GET /budget 200 in 60ms (next.js: 4ms, application-code: 56ms)
 GET /budget 200 in 86ms (next.js: 5ms, application-code: 81ms)
 GET /budget 200 in 69ms (next.js: 3ms, application-code: 67ms)
 GET /budget 200 in 98ms (next.js: 5ms, application-code: 93ms)
 GET /budget 200 in 51ms (next.js: 5ms, application-code: 45ms)
 GET /budget 200 in 48ms (next.js: 4ms, application-code: 44ms)
 GET /budget 200 in 58ms (next.js: 3ms, application-code: 55ms)
 GET / 200 in 46ms (next.js: 3ms, application-code: 43ms)
 GET /budget 200 in 163ms (next.js: 13ms, application-code: 150ms)
 GET / 200 in 49ms (next.js: 3ms, application-code: 46ms)
 GET /budget 200 in 67ms (next.js: 3ms, application-code: 64ms)
 GET /budget 200 in 60ms (next.js: 3ms, application-code: 57ms)
 GET /budget 200 in 63ms (next.js: 3ms, application-code: 60ms)
 GET /budget 200 in 118ms (next.js: 11ms, application-code: 107ms)
 GET /capture 200 in 81ms (next.js: 8ms, application-code: 73ms)
 GET / 200 in 55ms (next.js: 4ms, application-code: 51ms)
[browser] Fetch error: TypeError: Failed to fetch
    at Home.useEffect (app/page.tsx:22:5)
  20 |       process.env.NEXT_PUBLIC_API_URL || "http://localhost:8080";
  21 |     console.log('Fetching health from:', apiUrl);
> 22 |     fetch(`${apiUrl}/health`)
     |     ^
  23 |       .then((res) => res.json())
  24 |       .then((data) => {
  25 |         console.log('Health response:', data); (app/page.tsx:30:17)
 GET / 200 in 67ms (next.js: 5ms, application-code: 61ms)
[browser] Fetch error: TypeError: Failed to fetch
    at Home.useEffect (app/page.tsx:22:5)
  20 |       process.env.NEXT_PUBLIC_API_URL || "http://localhost:8080";
  21 |     console.log('Fetching health from:', apiUrl);
> 22 |     fetch(`${apiUrl}/health`)
     |     ^
  23 |       .then((res) => res.json())
  24 |       .then((data) => {
  25 |         console.log('Health response:', data); (app/page.tsx:30:17)
 GET / 200 in 54ms (next.js: 4ms, application-code: 50ms)
[browser] Fetch error: TypeError: Failed to fetch
    at Home.useEffect (app/page.tsx:22:5)
  20 |       process.env.NEXT_PUBLIC_API_URL || "http://localhost:8080";
  21 |     console.log('Fetching health from:', apiUrl);
> 22 |     fetch(`${apiUrl}/health`)
     |     ^
  23 |       .then((res) => res.json())
  24 |       .then((data) => {
  25 |         console.log('Health response:', data); (app/page.tsx:30:17)
